<?xml version="1.0" encoding="UTF-8"?>
<!-- Generated by org.testng.reporters.JUnitReportReporter -->
<testsuite hostname="DESKTOP-5BEQOTH" failures="0" tests="1" name="NEXTeTICKET_TestRunner.Test_Runner" time="16.511" errors="0" timestamp="2023-10-26T18:03:53 CDT" skipped="0">
  <testcase classname="NEXTeTICKET_TestRunner.Test_Runner" name="feature" time="16.511"/>
</testsuite> <!-- NEXTeTICKET_TestRunner.Test_Runner -->
