<?xml version="1.0" encoding="UTF-8"?>
<!-- Generated by org.testng.reporters.JUnitReportReporter -->
<testsuite hostname="DESKTOP-5BEQOTH" failures="0" tests="1" name="NEXTeTICKET_TestRunner.NEXTeTICKET_Test_Runner" time="19.929" errors="0" timestamp="2023-10-27T21:45:01 CDT" skipped="0">
  <testcase classname="NEXTeTICKET_TestRunner.NEXTeTICKET_Test_Runner" name="feature" time="19.929"/>
</testsuite> <!-- NEXTeTICKET_TestRunner.NEXTeTICKET_Test_Runner -->
